# JRE version: OpenJDK Runtime Environment JBR-17.0.8+7-1000.22-jcef (17.0.8+7) (build 17.0.8+7-b1000.22)
# Java VM: OpenJDK 64-Bit Server VM JBR-17.0.8+7-1000.22-jcef (17.0.8+7-b1000.22, mixed mode, tiered, compressed oops, compressed class ptrs, g1 gc, windows-amd64)
GC Precious Log:
 CPUs: 8 total, 8 available
 Memory: 7589M
 Large Page Support: Disabled
 NUMA Support: Disabled
 Compressed Oops: Enabled (32-bit)
 Heap Region Size: 1M
 Heap Min Capacity: 128M
 Heap Initial Capacity: 128M
 Heap Max Capacity: 2G
 Pre-touch: Disabled
 Parallel Workers: 8
 Concurrent Workers: 2
 Concurrent Refinement Workers: 8
 Periodic GC: Disabled
Heap:
 garbage-first heap   total 316416K, used 182222K [0x0000000080000000, 0x0000000100000000)
  region size 1024K, 5 young (5120K), 5 survivors (5120K)
 Metaspace       used 37148K, committed 37440K, reserved 1114112K
  class space    used 4073K, committed 4224K, reserved 1048576K
GC Heap History (20 events):
Event: 1.226 GC heap after
{Heap after GC invocations=4 (full 0):
 garbage-first heap   total 131072K, used 15070K [0x0000000080000000, 0x0000000100000000)
  region size 1024K, 5 young (5120K), 5 survivors (5120K)
 Metaspace       used 35854K, committed 36096K, reserved 1114112K
  class space    used 4028K, committed 4160K, reserved 1048576K
}
Event: 1.352 GC heap before
{Heap before GC invocations=5 (full 0):
 garbage-first heap   total 131072K, used 96990K [0x0000000080000000, 0x0000000100000000)
  region size 1024K, 7 young (7168K), 5 survivors (5120K)
 Metaspace       used 35955K, committed 36224K, reserved 1114112K
  class space    used 4040K, committed 4160K, reserved 1048576K
}
Event: 1.356 GC heap after
{Heap after GC invocations=6 (full 0):
 garbage-first heap   total 131072K, used 63336K [0x0000000080000000, 0x0000000100000000)
  region size 1024K, 5 young (5120K), 5 survivors (5120K)
 Metaspace       used 35955K, committed 36224K, reserved 1114112K
  class space    used 4040K, committed 4160K, reserved 1048576K
}
Event: 1.410 GC heap before
{Heap before GC invocations=6 (full 0):
 garbage-first heap   total 131072K, used 96104K [0x0000000080000000, 0x0000000100000000)
  region size 1024K, 6 young (6144K), 5 survivors (5120K)
 Metaspace       used 36127K, committed 36352K, reserved 1114112K
  class space    used 4054K, committed 4160K, reserved 1048576K
}
Event: 1.415 GC heap after
{Heap after GC invocations=7 (full 0):
 garbage-first heap   total 131072K, used 47332K [0x0000000080000000, 0x0000000100000000)
  region size 1024K, 1 young (1024K), 1 survivors (1024K)
 Metaspace       used 36127K, committed 36352K, reserved 1114112K
  class space    used 4054K, committed 4160K, reserved 1048576K
}
Event: 1.708 GC heap before
{Heap before GC invocations=7 (full 0):
 garbage-first heap   total 131072K, used 111844K [0x0000000080000000, 0x0000000100000000)
  region size 1024K, 56 young (57344K), 1 survivors (1024K)
 Metaspace       used 36801K, committed 37120K, reserved 1114112K
  class space    used 4072K, committed 4224K, reserved 1048576K
}
Event: 1.729 GC heap after
{Heap after GC invocations=8 (full 0):
 garbage-first heap   total 139264K, used 78520K [0x0000000080000000, 0x0000000100000000)
  region size 1024K, 7 young (7168K), 7 survivors (7168K)
 Metaspace       used 36801K, committed 37120K, reserved 1114112K
  class space    used 4072K, committed 4224K, reserved 1048576K
}
Event: 1.816 GC heap before
{Heap before GC invocations=8 (full 0):
 garbage-first heap   total 139264K, used 105144K [0x0000000080000000, 0x0000000100000000)
  region size 1024K, 33 young (33792K), 7 survivors (7168K)
 Metaspace       used 36864K, committed 37184K, reserved 1114112K
  class space    used 4072K, committed 4224K, reserved 1048576K
}
Event: 1.835 GC heap after
{Heap after GC invocations=9 (full 0):
 garbage-first heap   total 212992K, used 90624K [0x0000000080000000, 0x0000000100000000)
  region size 1024K, 5 young (5120K), 5 survivors (5120K)
 Metaspace       used 36864K, committed 37184K, reserved 1114112K
  class space    used 4072K, committed 4224K, reserved 1048576K
}
Event: 2.029 GC heap before
{Heap before GC invocations=10 (full 0):
 garbage-first heap   total 212992K, used 143872K [0x0000000080000000, 0x0000000100000000)
  region size 1024K, 57 young (58368K), 5 survivors (5120K)
 Metaspace       used 36927K, committed 37248K, reserved 1114112K
  class space    used 4066K, committed 4224K, reserved 1048576K
}
Event: 2.051 GC heap after
{Heap after GC invocations=11 (full 0):
 garbage-first heap   total 212992K, used 114688K [0x0000000080000000, 0x0000000100000000)
  region size 1024K, 8 young (8192K), 8 survivors (8192K)
 Metaspace       used 36927K, committed 37248K, reserved 1114112K
  class space    used 4066K, committed 4224K, reserved 1048576K
}
Event: 2.060 GC heap before
{Heap before GC invocations=11 (full 0):
 garbage-first heap   total 212992K, used 116736K [0x0000000080000000, 0x0000000100000000)
  region size 1024K, 10 young (10240K), 8 survivors (8192K)
 Metaspace       used 36927K, committed 37248K, reserved 1114112K
  class space    used 4066K, committed 4224K, reserved 1048576K
}
Event: 2.073 GC heap after
{Heap after GC invocations=12 (full 0):
 garbage-first heap   total 212992K, used 117331K [0x0000000080000000, 0x0000000100000000)
  region size 1024K, 2 young (2048K), 2 survivors (2048K)
 Metaspace       used 36927K, committed 37248K, reserved 1114112K
  class space    used 4066K, committed 4224K, reserved 1048576K
}
Event: 2.193 GC heap before
{Heap before GC invocations=12 (full 0):
 garbage-first heap   total 212992K, used 155219K [0x0000000080000000, 0x0000000100000000)
  region size 1024K, 39 young (39936K), 2 survivors (2048K)
 Metaspace       used 36948K, committed 37248K, reserved 1114112K
  class space    used 4066K, committed 4224K, reserved 1048576K
}
Event: 2.207 GC heap after
{Heap after GC invocations=13 (full 0):
 garbage-first heap   total 212992K, used 133565K [0x0000000080000000, 0x0000000100000000)
  region size 1024K, 5 young (5120K), 5 survivors (5120K)
 Metaspace       used 36948K, committed 37248K, reserved 1114112K
  class space    used 4066K, committed 4224K, reserved 1048576K
}
Event: 2.331 GC heap before
{Heap before GC invocations=14 (full 0):
 garbage-first heap   total 260096K, used 162237K [0x0000000080000000, 0x0000000100000000)
  region size 1024K, 33 young (33792K), 5 survivors (5120K)
 Metaspace       used 37006K, committed 37312K, reserved 1114112K
  class space    used 4066K, committed 4224K, reserved 1048576K
}
Event: 2.347 GC heap after
{Heap after GC invocations=15 (full 0):
 garbage-first heap   total 260096K, used 146181K [0x0000000080000000, 0x0000000100000000)
  region size 1024K, 5 young (5120K), 5 survivors (5120K)
 Metaspace       used 37006K, committed 37312K, reserved 1114112K
  class space    used 4066K, committed 4224K, reserved 1048576K
}
Event: 2.505 GC heap before
{Heap before GC invocations=15 (full 0):
 garbage-first heap   total 260096K, used 189189K [0x0000000080000000, 0x0000000100000000)
  region size 1024K, 47 young (48128K), 5 survivors (5120K)
 Metaspace       used 37141K, committed 37440K, reserved 1114112K
  class space    used 4073K, committed 4224K, reserved 1048576K
}
Event: 2.521 GC heap after
{Heap after GC invocations=16 (full 0):
 garbage-first heap   total 260096K, used 166912K [0x0000000080000000, 0x0000000100000000)
  region size 1024K, 6 young (6144K), 6 survivors (6144K)
 Metaspace       used 37141K, committed 37440K, reserved 1114112K
  class space    used 4073K, committed 4224K, reserved 1048576K
}
Event: 2.637 GC heap before
{Heap before GC invocations=16 (full 0):
 garbage-first heap   total 316416K, used 198656K [0x0000000080000000, 0x0000000100000000)
  region size 1024K, 37 young (37888K), 6 survivors (6144K)
 Metaspace       used 37148K, committed 37440K, reserved 1114112K
  class space    used 4073K, committed 4224K, reserved 1048576K
}

