# JRE version: OpenJDK Runtime Environment JBR-17.0.8+7-1000.22-jcef (17.0.8+7) (build 17.0.8+7-b1000.22)
# Java VM: OpenJDK 64-Bit Server VM JBR-17.0.8+7-1000.22-jcef (17.0.8+7-b1000.22, mixed mode, tiered, compressed oops, compressed class ptrs, g1 gc, windows-amd64)
GC Precious Log:
 CPUs: 8 total, 8 available
 Memory: 7589M
 Large Page Support: Disabled
 NUMA Support: Disabled
 Compressed Oops: Enabled (32-bit)
 Heap Region Size: 1M
 Heap Min Capacity: 128M
 Heap Initial Capacity: 128M
 Heap Max Capacity: 2G
 Pre-touch: Disabled
 Parallel Workers: 8
 Concurrent Workers: 2
 Concurrent Refinement Workers: 8
 Periodic GC: Disabled
Heap:
 garbage-first heap   total 244736K, used 167424K [0x0000000080000000, 0x0000000100000000)
  region size 1024K, 5 young (5120K), 5 survivors (5120K)
 Metaspace       used 37169K, committed 37504K, reserved 1114112K
  class space    used 4054K, committed 4224K, reserved 1048576K
GC Heap History (20 events):
Event: 1.563 GC heap after
{Heap after GC invocations=1 (full 0):
 garbage-first heap   total 131072K, used 10085K [0x0000000080000000, 0x0000000100000000)
  region size 1024K, 3 young (3072K), 3 survivors (3072K)
 Metaspace       used 16916K, committed 17088K, reserved 1114112K
  class space    used 1602K, committed 1664K, reserved 1048576K
}
Event: 1.853 GC heap before
{Heap before GC invocations=1 (full 0):
 garbage-first heap   total 131072K, used 22373K [0x0000000080000000, 0x0000000100000000)
  region size 1024K, 17 young (17408K), 3 survivors (3072K)
 Metaspace       used 21350K, committed 21504K, reserved 1114112K
  class space    used 2042K, committed 2112K, reserved 1048576K
}
Event: 1.858 GC heap after
{Heap after GC invocations=2 (full 0):
 garbage-first heap   total 131072K, used 10996K [0x0000000080000000, 0x0000000100000000)
  region size 1024K, 1 young (1024K), 1 survivors (1024K)
 Metaspace       used 21350K, committed 21504K, reserved 1114112K
  class space    used 2042K, committed 2112K, reserved 1048576K
}
Event: 2.938 GC heap before
{Heap before GC invocations=3 (full 0):
 garbage-first heap   total 131072K, used 56052K [0x0000000080000000, 0x0000000100000000)
  region size 1024K, 47 young (48128K), 1 survivors (1024K)
 Metaspace       used 35837K, committed 36096K, reserved 1114112K
  class space    used 4001K, committed 4160K, reserved 1048576K
}
Event: 2.944 GC heap after
{Heap after GC invocations=4 (full 0):
 garbage-first heap   total 131072K, used 14675K [0x0000000080000000, 0x0000000100000000)
  region size 1024K, 5 young (5120K), 5 survivors (5120K)
 Metaspace       used 35837K, committed 36096K, reserved 1114112K
  class space    used 4001K, committed 4160K, reserved 1048576K
}
Event: 3.098 GC heap before
{Heap before GC invocations=5 (full 0):
 garbage-first heap   total 131072K, used 64851K [0x0000000080000000, 0x0000000100000000)
  region size 1024K, 7 young (7168K), 5 survivors (5120K)
 Metaspace       used 35984K, committed 36224K, reserved 1114112K
  class space    used 4023K, committed 4160K, reserved 1048576K
}
Event: 3.103 GC heap after
{Heap after GC invocations=6 (full 0):
 garbage-first heap   total 131072K, used 47734K [0x0000000080000000, 0x0000000100000000)
  region size 1024K, 5 young (5120K), 5 survivors (5120K)
 Metaspace       used 35984K, committed 36224K, reserved 1114112K
  class space    used 4023K, committed 4160K, reserved 1048576K
}
Event: 3.156 GC heap before
{Heap before GC invocations=6 (full 0):
 garbage-first heap   total 131072K, used 79478K [0x0000000080000000, 0x0000000100000000)
  region size 1024K, 5 young (5120K), 5 survivors (5120K)
 Metaspace       used 35984K, committed 36224K, reserved 1114112K
  class space    used 4023K, committed 4160K, reserved 1048576K
}
Event: 3.160 GC heap after
{Heap after GC invocations=7 (full 0):
 garbage-first heap   total 131072K, used 62867K [0x0000000080000000, 0x0000000100000000)
  region size 1024K, 4 young (4096K), 4 survivors (4096K)
 Metaspace       used 35984K, committed 36224K, reserved 1114112K
  class space    used 4023K, committed 4160K, reserved 1048576K
}
Event: 3.441 GC heap before
{Heap before GC invocations=8 (full 0):
 garbage-first heap   total 162816K, used 102803K [0x0000000080000000, 0x0000000100000000)
  region size 1024K, 13 young (13312K), 4 survivors (4096K)
 Metaspace       used 36509K, committed 36864K, reserved 1114112K
  class space    used 4053K, committed 4224K, reserved 1048576K
}
Event: 3.451 GC heap after
{Heap after GC invocations=9 (full 0):
 garbage-first heap   total 211968K, used 50783K [0x0000000080000000, 0x0000000100000000)
  region size 1024K, 5 young (5120K), 5 survivors (5120K)
 Metaspace       used 36509K, committed 36864K, reserved 1114112K
  class space    used 4053K, committed 4224K, reserved 1048576K
}
Event: 4.178 GC heap before
{Heap before GC invocations=9 (full 0):
 garbage-first heap   total 211968K, used 151135K [0x0000000080000000, 0x0000000100000000)
  region size 1024K, 94 young (96256K), 5 survivors (5120K)
 Metaspace       used 36971K, committed 37312K, reserved 1114112K
  class space    used 4054K, committed 4224K, reserved 1048576K
}
Event: 4.225 GC heap after
{Heap after GC invocations=10 (full 0):
 garbage-first heap   total 211968K, used 98125K [0x0000000080000000, 0x0000000100000000)
  region size 1024K, 12 young (12288K), 12 survivors (12288K)
 Metaspace       used 36971K, committed 37312K, reserved 1114112K
  class space    used 4054K, committed 4224K, reserved 1048576K
}
Event: 4.492 GC heap before
{Heap before GC invocations=10 (full 0):
 garbage-first heap   total 211968K, used 147277K [0x0000000080000000, 0x0000000100000000)
  region size 1024K, 60 young (61440K), 12 survivors (12288K)
 Metaspace       used 37001K, committed 37312K, reserved 1114112K
  class space    used 4054K, committed 4224K, reserved 1048576K
}
Event: 4.530 GC heap after
{Heap after GC invocations=11 (full 0):
 garbage-first heap   total 211968K, used 121344K [0x0000000080000000, 0x0000000100000000)
  region size 1024K, 8 young (8192K), 8 survivors (8192K)
 Metaspace       used 37001K, committed 37312K, reserved 1114112K
  class space    used 4054K, committed 4224K, reserved 1048576K
}
Event: 4.650 GC heap before
{Heap before GC invocations=11 (full 0):
 garbage-first heap   total 211968K, used 157184K [0x0000000080000000, 0x0000000100000000)
  region size 1024K, 43 young (44032K), 8 survivors (8192K)
 Metaspace       used 37063K, committed 37440K, reserved 1114112K
  class space    used 4054K, committed 4224K, reserved 1048576K
}
Event: 4.675 GC heap after
{Heap after GC invocations=12 (full 0):
 garbage-first heap   total 211968K, used 138752K [0x0000000080000000, 0x0000000100000000)
  region size 1024K, 6 young (6144K), 6 survivors (6144K)
 Metaspace       used 37063K, committed 37440K, reserved 1114112K
  class space    used 4054K, committed 4224K, reserved 1048576K
}
Event: 4.845 GC heap before
{Heap before GC invocations=13 (full 0):
 garbage-first heap   total 244736K, used 164352K [0x0000000080000000, 0x0000000100000000)
  region size 1024K, 31 young (31744K), 6 survivors (6144K)
 Metaspace       used 37127K, committed 37504K, reserved 1114112K
  class space    used 4054K, committed 4224K, reserved 1048576K
}
Event: 4.859 GC heap after
{Heap after GC invocations=14 (full 0):
 garbage-first heap   total 244736K, used 150528K [0x0000000080000000, 0x0000000100000000)
  region size 1024K, 4 young (4096K), 4 survivors (4096K)
 Metaspace       used 37127K, committed 37504K, reserved 1114112K
  class space    used 4054K, committed 4224K, reserved 1048576K
}
Event: 5.058 GC heap before
{Heap before GC invocations=14 (full 0):
 garbage-first heap   total 244736K, used 183296K [0x0000000080000000, 0x0000000100000000)
  region size 1024K, 37 young (37888K), 4 survivors (4096K)
 Metaspace       used 37169K, committed 37504K, reserved 1114112K
  class space    used 4054K, committed 4224K, reserved 1048576K
}

