# JRE version: OpenJDK Runtime Environment JBR-17.0.8+7-1000.22-jcef (17.0.8+7) (build 17.0.8+7-b1000.22)
# Java VM: OpenJDK 64-Bit Server VM JBR-17.0.8+7-1000.22-jcef (17.0.8+7-b1000.22, mixed mode, tiered, compressed oops, compressed class ptrs, g1 gc, windows-amd64)
GC Precious Log:
 CPUs: 8 total, 8 available
 Memory: 7589M
 Large Page Support: Disabled
 NUMA Support: Disabled
 Compressed Oops: Enabled (32-bit)
 Heap Region Size: 1M
 Heap Min Capacity: 128M
 Heap Initial Capacity: 128M
 Heap Max Capacity: 2G
 Pre-touch: Disabled
 Parallel Workers: 8
 Concurrent Workers: 2
 Concurrent Refinement Workers: 8
 Periodic GC: Disabled
Heap:
 garbage-first heap   total 275456K, used 156672K [0x0000000080000000, 0x0000000100000000)
  region size 1024K, 4 young (4096K), 4 survivors (4096K)
 Metaspace       used 37104K, committed 37376K, reserved 1114112K
  class space    used 4060K, committed 4160K, reserved 1048576K
GC Heap History (17 events):
Event: 1.407 GC heap before
{Heap before GC invocations=0 (full 0):
 garbage-first heap   total 131072K, used 28672K [0x0000000080000000, 0x0000000100000000)
  region size 1024K, 23 young (23552K), 0 survivors (0K)
 Metaspace       used 16937K, committed 17152K, reserved 1114112K
  class space    used 1606K, committed 1728K, reserved 1048576K
}
Event: 1.439 GC heap after
{Heap after GC invocations=1 (full 0):
 garbage-first heap   total 131072K, used 9868K [0x0000000080000000, 0x0000000100000000)
  region size 1024K, 3 young (3072K), 3 survivors (3072K)
 Metaspace       used 16937K, committed 17152K, reserved 1114112K
  class space    used 1606K, committed 1728K, reserved 1048576K
}
Event: 1.915 GC heap before
{Heap before GC invocations=1 (full 0):
 garbage-first heap   total 131072K, used 22156K [0x0000000080000000, 0x0000000100000000)
  region size 1024K, 16 young (16384K), 3 survivors (3072K)
 Metaspace       used 21349K, committed 21504K, reserved 1114112K
  class space    used 2023K, committed 2112K, reserved 1048576K
}
Event: 1.921 GC heap after
{Heap after GC invocations=2 (full 0):
 garbage-first heap   total 131072K, used 11229K [0x0000000080000000, 0x0000000100000000)
  region size 1024K, 2 young (2048K), 2 survivors (2048K)
 Metaspace       used 21349K, committed 21504K, reserved 1114112K
  class space    used 2023K, committed 2112K, reserved 1048576K
}
Event: 3.310 GC heap before
{Heap before GC invocations=3 (full 0):
 garbage-first heap   total 131072K, used 92125K [0x0000000080000000, 0x0000000100000000)
  region size 1024K, 51 young (52224K), 2 survivors (2048K)
 Metaspace       used 35925K, committed 36224K, reserved 1114112K
  class space    used 4024K, committed 4160K, reserved 1048576K
}
Event: 3.319 GC heap after
{Heap after GC invocations=4 (full 0):
 garbage-first heap   total 131072K, used 31363K [0x0000000080000000, 0x0000000100000000)
  region size 1024K, 5 young (5120K), 5 survivors (5120K)
 Metaspace       used 35925K, committed 36224K, reserved 1114112K
  class space    used 4024K, committed 4160K, reserved 1048576K
}
Event: 3.639 GC heap before
{Heap before GC invocations=5 (full 0):
 garbage-first heap   total 162816K, used 150147K [0x0000000080000000, 0x0000000100000000)
  region size 1024K, 36 young (36864K), 5 survivors (5120K)
 Metaspace       used 36630K, committed 36864K, reserved 1114112K
  class space    used 4056K, committed 4160K, reserved 1048576K
}
Event: 3.655 GC heap after
{Heap after GC invocations=6 (full 0):
 garbage-first heap   total 172032K, used 66698K [0x0000000080000000, 0x0000000100000000)
  region size 1024K, 9 young (9216K), 9 survivors (9216K)
 Metaspace       used 36630K, committed 36864K, reserved 1114112K
  class space    used 4056K, committed 4160K, reserved 1048576K
}
Event: 3.662 GC heap before
{Heap before GC invocations=6 (full 0):
 garbage-first heap   total 172032K, used 67722K [0x0000000080000000, 0x0000000100000000)
  region size 1024K, 10 young (10240K), 9 survivors (9216K)
 Metaspace       used 36642K, committed 36864K, reserved 1114112K
  class space    used 4056K, committed 4160K, reserved 1048576K
}
Event: 3.672 GC heap after
{Heap after GC invocations=7 (full 0):
 garbage-first heap   total 216064K, used 68677K [0x0000000080000000, 0x0000000100000000)
  region size 1024K, 2 young (2048K), 2 survivors (2048K)
 Metaspace       used 36642K, committed 36864K, reserved 1114112K
  class space    used 4056K, committed 4160K, reserved 1048576K
}
Event: 3.935 GC heap before
{Heap before GC invocations=7 (full 0):
 garbage-first heap   total 216064K, used 151621K [0x0000000080000000, 0x0000000100000000)
  region size 1024K, 83 young (84992K), 2 survivors (2048K)
 Metaspace       used 36881K, committed 37120K, reserved 1114112K
  class space    used 4057K, committed 4160K, reserved 1048576K
}
Event: 3.964 GC heap after
{Heap after GC invocations=8 (full 0):
 garbage-first heap   total 216064K, used 106204K [0x0000000080000000, 0x0000000100000000)
  region size 1024K, 11 young (11264K), 11 survivors (11264K)
 Metaspace       used 36881K, committed 37120K, reserved 1114112K
  class space    used 4057K, committed 4160K, reserved 1048576K
}
Event: 4.098 GC heap before
{Heap before GC invocations=8 (full 0):
 garbage-first heap   total 216064K, used 153308K [0x0000000080000000, 0x0000000100000000)
  region size 1024K, 57 young (58368K), 11 survivors (11264K)
 Metaspace       used 36902K, committed 37184K, reserved 1114112K
  class space    used 4057K, committed 4160K, reserved 1048576K
}
Event: 4.127 GC heap after
{Heap after GC invocations=9 (full 0):
 garbage-first heap   total 216064K, used 128512K [0x0000000080000000, 0x0000000100000000)
  region size 1024K, 8 young (8192K), 8 survivors (8192K)
 Metaspace       used 36902K, committed 37184K, reserved 1114112K
  class space    used 4057K, committed 4160K, reserved 1048576K
}
Event: 4.217 GC heap before
{Heap before GC invocations=9 (full 0):
 garbage-first heap   total 216064K, used 161280K [0x0000000080000000, 0x0000000100000000)
  region size 1024K, 40 young (40960K), 8 survivors (8192K)
 Metaspace       used 36974K, committed 37248K, reserved 1114112K
  class space    used 4057K, committed 4160K, reserved 1048576K
}
Event: 4.237 GC heap after
{Heap after GC invocations=10 (full 0):
 garbage-first heap   total 216064K, used 144384K [0x0000000080000000, 0x0000000100000000)
  region size 1024K, 5 young (5120K), 5 survivors (5120K)
 Metaspace       used 36974K, committed 37248K, reserved 1114112K
  class space    used 4057K, committed 4160K, reserved 1048576K
}
Event: 4.327 GC heap before
{Heap before GC invocations=10 (full 0):
 garbage-first heap   total 275456K, used 167936K [0x0000000080000000, 0x0000000100000000)
  region size 1024K, 28 young (28672K), 5 survivors (5120K)
 Metaspace       used 37104K, committed 37376K, reserved 1114112K
  class space    used 4060K, committed 4160K, reserved 1048576K
}

