# JRE version: OpenJDK Runtime Environment JBR-17.0.8+7-1000.22-jcef (17.0.8+7) (build 17.0.8+7-b1000.22)
# Java VM: OpenJDK 64-Bit Server VM JBR-17.0.8+7-1000.22-jcef (17.0.8+7-b1000.22, mixed mode, tiered, compressed oops, compressed class ptrs, g1 gc, windows-amd64)
GC Precious Log:
 CPUs: 8 total, 8 available
 Memory: 7589M
 Large Page Support: Disabled
 NUMA Support: Disabled
 Compressed Oops: Enabled (32-bit)
 Heap Region Size: 1M
 Heap Min Capacity: 128M
 Heap Initial Capacity: 128M
 Heap Max Capacity: 2G
 Pre-touch: Disabled
 Parallel Workers: 8
 Concurrent Workers: 2
 Concurrent Refinement Workers: 8
 Periodic GC: Disabled
Heap:
 garbage-first heap   total 263168K, used 187904K [0x0000000080000000, 0x0000000100000000)
  region size 1024K, 5 young (5120K), 5 survivors (5120K)
 Metaspace       used 37123K, committed 37440K, reserved 1114112K
  class space    used 4069K, committed 4224K, reserved 1048576K
GC Heap History (20 events):
Event: 1.212 GC heap after
{Heap after GC invocations=4 (full 0):
 garbage-first heap   total 131072K, used 15087K [0x0000000080000000, 0x0000000100000000)
  region size 1024K, 5 young (5120K), 5 survivors (5120K)
 Metaspace       used 35690K, committed 35968K, reserved 1114112K
  class space    used 4009K, committed 4160K, reserved 1048576K
}
Event: 1.330 GC heap before
{Heap before GC invocations=5 (full 0):
 garbage-first heap   total 131072K, used 97007K [0x0000000080000000, 0x0000000100000000)
  region size 1024K, 7 young (7168K), 5 survivors (5120K)
 Metaspace       used 35914K, committed 36160K, reserved 1114112K
  class space    used 4036K, committed 4160K, reserved 1048576K
}
Event: 1.334 GC heap after
{Heap after GC invocations=6 (full 0):
 garbage-first heap   total 131072K, used 63601K [0x0000000080000000, 0x0000000100000000)
  region size 1024K, 6 young (6144K), 6 survivors (6144K)
 Metaspace       used 35914K, committed 36160K, reserved 1114112K
  class space    used 4036K, committed 4160K, reserved 1048576K
}
Event: 1.379 GC heap before
{Heap before GC invocations=6 (full 0):
 garbage-first heap   total 131072K, used 96369K [0x0000000080000000, 0x0000000100000000)
  region size 1024K, 7 young (7168K), 6 survivors (6144K)
 Metaspace       used 36069K, committed 36352K, reserved 1114112K
  class space    used 4050K, committed 4160K, reserved 1048576K
}
Event: 1.384 GC heap after
{Heap after GC invocations=7 (full 0):
 garbage-first heap   total 131072K, used 47350K [0x0000000080000000, 0x0000000100000000)
  region size 1024K, 1 young (1024K), 1 survivors (1024K)
 Metaspace       used 36069K, committed 36352K, reserved 1114112K
  class space    used 4050K, committed 4160K, reserved 1048576K
}
Event: 1.734 GC heap before
{Heap before GC invocations=7 (full 0):
 garbage-first heap   total 131072K, used 109814K [0x0000000080000000, 0x0000000100000000)
  region size 1024K, 54 young (55296K), 1 survivors (1024K)
 Metaspace       used 36730K, committed 37056K, reserved 1114112K
  class space    used 4068K, committed 4224K, reserved 1048576K
}
Event: 1.758 GC heap after
{Heap after GC invocations=8 (full 0):
 garbage-first heap   total 136192K, used 77654K [0x0000000080000000, 0x0000000100000000)
  region size 1024K, 7 young (7168K), 7 survivors (7168K)
 Metaspace       used 36730K, committed 37056K, reserved 1114112K
  class space    used 4068K, committed 4224K, reserved 1048576K
}
Event: 1.827 GC heap before
{Heap before GC invocations=8 (full 0):
 garbage-first heap   total 136192K, used 103254K [0x0000000080000000, 0x0000000100000000)
  region size 1024K, 32 young (32768K), 7 survivors (7168K)
 Metaspace       used 36818K, committed 37120K, reserved 1114112K
  class space    used 4068K, committed 4224K, reserved 1048576K
}
Event: 1.846 GC heap after
{Heap after GC invocations=9 (full 0):
 garbage-first heap   total 225280K, used 89600K [0x0000000080000000, 0x0000000100000000)
  region size 1024K, 4 young (4096K), 4 survivors (4096K)
 Metaspace       used 36818K, committed 37120K, reserved 1114112K
  class space    used 4068K, committed 4224K, reserved 1048576K
}
Event: 2.074 GC heap before
{Heap before GC invocations=10 (full 0):
 garbage-first heap   total 225280K, used 146944K [0x0000000080000000, 0x0000000100000000)
  region size 1024K, 60 young (61440K), 4 survivors (4096K)
 Metaspace       used 36871K, committed 37184K, reserved 1114112K
  class space    used 4061K, committed 4224K, reserved 1048576K
}
Event: 2.102 GC heap after
{Heap after GC invocations=11 (full 0):
 garbage-first heap   total 225280K, used 116224K [0x0000000080000000, 0x0000000100000000)
  region size 1024K, 8 young (8192K), 8 survivors (8192K)
 Metaspace       used 36871K, committed 37184K, reserved 1114112K
  class space    used 4061K, committed 4224K, reserved 1048576K
}
Event: 2.118 GC heap before
{Heap before GC invocations=11 (full 0):
 garbage-first heap   total 225280K, used 119296K [0x0000000080000000, 0x0000000100000000)
  region size 1024K, 11 young (11264K), 8 survivors (8192K)
 Metaspace       used 36872K, committed 37184K, reserved 1114112K
  class space    used 4061K, committed 4224K, reserved 1048576K
}
Event: 2.129 GC heap after
{Heap after GC invocations=12 (full 0):
 garbage-first heap   total 225280K, used 119296K [0x0000000080000000, 0x0000000100000000)
  region size 1024K, 2 young (2048K), 2 survivors (2048K)
 Metaspace       used 36872K, committed 37184K, reserved 1114112K
  class space    used 4061K, committed 4224K, reserved 1048576K
}
Event: 2.246 GC heap before
{Heap before GC invocations=12 (full 0):
 garbage-first heap   total 225280K, used 161280K [0x0000000080000000, 0x0000000100000000)
  region size 1024K, 43 young (44032K), 2 survivors (2048K)
 Metaspace       used 36890K, committed 37248K, reserved 1114112K
  class space    used 4061K, committed 4224K, reserved 1048576K
}
Event: 2.263 GC heap after
{Heap after GC invocations=13 (full 0):
 garbage-first heap   total 225280K, used 138240K [0x0000000080000000, 0x0000000100000000)
  region size 1024K, 6 young (6144K), 6 survivors (6144K)
 Metaspace       used 36890K, committed 37248K, reserved 1114112K
  class space    used 4061K, committed 4224K, reserved 1048576K
}
Event: 2.391 GC heap before
{Heap before GC invocations=14 (full 0):
 garbage-first heap   total 263168K, used 169984K [0x0000000080000000, 0x0000000100000000)
  region size 1024K, 37 young (37888K), 6 survivors (6144K)
 Metaspace       used 37075K, committed 37376K, reserved 1114112K
  class space    used 4067K, committed 4224K, reserved 1048576K
}
Event: 2.410 GC heap after
{Heap after GC invocations=15 (full 0):
 garbage-first heap   total 263168K, used 154039K [0x0000000080000000, 0x0000000100000000)
  region size 1024K, 5 young (5120K), 5 survivors (5120K)
 Metaspace       used 37075K, committed 37376K, reserved 1114112K
  class space    used 4067K, committed 4224K, reserved 1048576K
}
Event: 2.543 GC heap before
{Heap before GC invocations=15 (full 0):
 garbage-first heap   total 263168K, used 193975K [0x0000000080000000, 0x0000000100000000)
  region size 1024K, 44 young (45056K), 5 survivors (5120K)
 Metaspace       used 37120K, committed 37440K, reserved 1114112K
  class space    used 4068K, committed 4224K, reserved 1048576K
}
Event: 2.562 GC heap after
{Heap after GC invocations=16 (full 0):
 garbage-first heap   total 263168K, used 173563K [0x0000000080000000, 0x0000000100000000)
  region size 1024K, 6 young (6144K), 6 survivors (6144K)
 Metaspace       used 37120K, committed 37440K, reserved 1114112K
  class space    used 4068K, committed 4224K, reserved 1048576K
}
Event: 2.635 GC heap before
{Heap before GC invocations=16 (full 0):
 garbage-first heap   total 263168K, used 203259K [0x0000000080000000, 0x0000000100000000)
  region size 1024K, 35 young (35840K), 6 survivors (6144K)
 Metaspace       used 37123K, committed 37440K, reserved 1114112K
  class space    used 4069K, committed 4224K, reserved 1048576K
}

