# JRE version: OpenJDK Runtime Environment JBR-17.0.8+7-1000.22-jcef (17.0.8+7) (build 17.0.8+7-b1000.22)
# Java VM: OpenJDK 64-Bit Server VM JBR-17.0.8+7-1000.22-jcef (17.0.8+7-b1000.22, mixed mode, tiered, compressed oops, compressed class ptrs, g1 gc, windows-amd64)
GC Precious Log:
 CPUs: 8 total, 8 available
 Memory: 7589M
 Large Page Support: Disabled
 NUMA Support: Disabled
 Compressed Oops: Enabled (32-bit)
 Heap Region Size: 1M
 Heap Min Capacity: 128M
 Heap Initial Capacity: 128M
 Heap Max Capacity: 2G
 Pre-touch: Disabled
 Parallel Workers: 8
 Concurrent Workers: 2
 Concurrent Refinement Workers: 8
 Periodic GC: Disabled
Heap:
 garbage-first heap   total 459776K, used 324026K [0x0000000080000000, 0x0000000100000000)
  region size 1024K, 8 young (8192K), 8 survivors (8192K)
 Metaspace       used 40130K, committed 40384K, reserved 1114112K
  class space    used 4358K, committed 4480K, reserved 1048576K
GC Heap History (20 events):
Event: 1.845 GC heap after
{Heap after GC invocations=9 (full 0):
 garbage-first heap   total 162816K, used 85289K [0x0000000080000000, 0x0000000100000000)
  region size 1024K, 9 young (9216K), 9 survivors (9216K)
 Metaspace       used 36892K, committed 37184K, reserved 1114112K
  class space    used 4073K, committed 4224K, reserved 1048576K
}
Event: 1.945 GC heap before
{Heap before GC invocations=9 (full 0):
 garbage-first heap   total 162816K, used 117033K [0x0000000080000000, 0x0000000100000000)
  region size 1024K, 41 young (41984K), 9 survivors (9216K)
 Metaspace       used 36999K, committed 37312K, reserved 1114112K
  class space    used 4073K, committed 4224K, reserved 1048576K
}
Event: 1.966 GC heap after
{Heap after GC invocations=10 (full 0):
 garbage-first heap   total 162816K, used 100352K [0x0000000080000000, 0x0000000100000000)
  region size 1024K, 6 young (6144K), 6 survivors (6144K)
 Metaspace       used 36999K, committed 37312K, reserved 1114112K
  class space    used 4073K, committed 4224K, reserved 1048576K
}
Event: 2.047 GC heap before
{Heap before GC invocations=11 (full 0):
 garbage-first heap   total 184320K, used 123904K [0x0000000080000000, 0x0000000100000000)
  region size 1024K, 29 young (29696K), 6 survivors (6144K)
 Metaspace       used 36971K, committed 37312K, reserved 1114112K
  class space    used 4066K, committed 4224K, reserved 1048576K
}
Event: 2.060 GC heap after
{Heap after GC invocations=12 (full 0):
 garbage-first heap   total 184320K, used 110592K [0x0000000080000000, 0x0000000100000000)
  region size 1024K, 4 young (4096K), 4 survivors (4096K)
 Metaspace       used 36971K, committed 37312K, reserved 1114112K
  class space    used 4066K, committed 4224K, reserved 1048576K
}
Event: 2.142 GC heap before
{Heap before GC invocations=12 (full 0):
 garbage-first heap   total 184320K, used 138240K [0x0000000080000000, 0x0000000100000000)
  region size 1024K, 31 young (31744K), 4 survivors (4096K)
 Metaspace       used 36981K, committed 37312K, reserved 1114112K
  class space    used 4066K, committed 4224K, reserved 1048576K
}
Event: 2.158 GC heap after
{Heap after GC invocations=13 (full 0):
 garbage-first heap   total 368640K, used 123392K [0x0000000080000000, 0x0000000100000000)
  region size 1024K, 4 young (4096K), 4 survivors (4096K)
 Metaspace       used 36981K, committed 37312K, reserved 1114112K
  class space    used 4066K, committed 4224K, reserved 1048576K
}
Event: 2.500 GC heap before
{Heap before GC invocations=14 (full 0):
 garbage-first heap   total 368640K, used 220672K [0x0000000080000000, 0x0000000100000000)
  region size 1024K, 99 young (101376K), 4 survivors (4096K)
 Metaspace       used 37200K, committed 37504K, reserved 1114112K
  class space    used 4073K, committed 4224K, reserved 1048576K
}
Event: 2.528 GC heap after
{Heap after GC invocations=15 (full 0):
 garbage-first heap   total 368640K, used 166912K [0x0000000080000000, 0x0000000100000000)
  region size 1024K, 13 young (13312K), 13 survivors (13312K)
 Metaspace       used 37200K, committed 37504K, reserved 1114112K
  class space    used 4073K, committed 4224K, reserved 1048576K
}
Event: 2.741 GC heap before
{Heap before GC invocations=15 (full 0):
 garbage-first heap   total 368640K, used 241664K [0x0000000080000000, 0x0000000100000000)
  region size 1024K, 86 young (88064K), 13 survivors (13312K)
 Metaspace       used 37203K, committed 37504K, reserved 1114112K
  class space    used 4073K, committed 4224K, reserved 1048576K
}
Event: 2.772 GC heap after
{Heap after GC invocations=16 (full 0):
 garbage-first heap   total 368640K, used 201216K [0x0000000080000000, 0x0000000100000000)
  region size 1024K, 11 young (11264K), 11 survivors (11264K)
 Metaspace       used 37203K, committed 37504K, reserved 1114112K
  class space    used 4073K, committed 4224K, reserved 1048576K
}
Event: 2.965 GC heap before
{Heap before GC invocations=16 (full 0):
 garbage-first heap   total 368640K, used 263680K [0x0000000080000000, 0x0000000100000000)
  region size 1024K, 72 young (73728K), 11 survivors (11264K)
 Metaspace       used 37205K, committed 37504K, reserved 1114112K
  class space    used 4073K, committed 4224K, reserved 1048576K
}
Event: 2.991 GC heap after
{Heap after GC invocations=17 (full 0):
 garbage-first heap   total 368640K, used 229376K [0x0000000080000000, 0x0000000100000000)
  region size 1024K, 9 young (9216K), 9 survivors (9216K)
 Metaspace       used 37205K, committed 37504K, reserved 1114112K
  class space    used 4073K, committed 4224K, reserved 1048576K
}
Event: 3.143 GC heap before
{Heap before GC invocations=17 (full 0):
 garbage-first heap   total 459776K, used 279552K [0x0000000080000000, 0x0000000100000000)
  region size 1024K, 58 young (59392K), 9 survivors (9216K)
 Metaspace       used 37217K, committed 37504K, reserved 1114112K
  class space    used 4073K, committed 4224K, reserved 1048576K
}
Event: 3.172 GC heap after
{Heap after GC invocations=18 (full 0):
 garbage-first heap   total 459776K, used 251392K [0x0000000080000000, 0x0000000100000000)
  region size 1024K, 8 young (8192K), 8 survivors (8192K)
 Metaspace       used 37217K, committed 37504K, reserved 1114112K
  class space    used 4073K, committed 4224K, reserved 1048576K
}
Event: 3.755 GC heap before
{Heap before GC invocations=19 (full 0):
 garbage-first heap   total 459776K, used 365056K [0x0000000080000000, 0x0000000100000000)
  region size 1024K, 83 young (84992K), 8 survivors (8192K)
 Metaspace       used 39959K, committed 40256K, reserved 1114112K
  class space    used 4348K, committed 4480K, reserved 1048576K
}
Event: 3.781 GC heap after
{Heap after GC invocations=20 (full 0):
 garbage-first heap   total 459776K, used 286208K [0x0000000080000000, 0x0000000100000000)
  region size 1024K, 11 young (11264K), 11 survivors (11264K)
 Metaspace       used 39959K, committed 40256K, reserved 1114112K
  class space    used 4348K, committed 4480K, reserved 1048576K
}
Event: 3.809 GC heap before
{Heap before GC invocations=20 (full 0):
 garbage-first heap   total 459776K, used 297472K [0x0000000080000000, 0x0000000100000000)
  region size 1024K, 22 young (22528K), 11 survivors (11264K)
 Metaspace       used 39976K, committed 40256K, reserved 1114112K
  class space    used 4348K, committed 4480K, reserved 1048576K
}
Event: 3.823 GC heap after
{Heap after GC invocations=21 (full 0):
 garbage-first heap   total 459776K, used 293376K [0x0000000080000000, 0x0000000100000000)
  region size 1024K, 3 young (3072K), 3 survivors (3072K)
 Metaspace       used 39976K, committed 40256K, reserved 1114112K
  class space    used 4348K, committed 4480K, reserved 1048576K
}
Event: 3.954 GC heap before
{Heap before GC invocations=21 (full 0):
 garbage-first heap   total 459776K, used 350720K [0x0000000080000000, 0x0000000100000000)
  region size 1024K, 59 young (60416K), 3 survivors (3072K)
 Metaspace       used 40130K, committed 40384K, reserved 1114112K
  class space    used 4358K, committed 4480K, reserved 1048576K
}

